[2025-09-16 21:31:42] server started
[2025-09-16 21:31:43] WS accepted ACT-01 ACTUATOR
[2025-09-16 21:31:43] ACK ACT-01 actuator:set
[2025-09-16 21:31:43] ACK ACT-01 actuator:pump
[2025-09-16 21:31:52] pump ON ttl=30000 reason=manual
[2025-09-16 21:31:52] ACK ACT-01 actuator:pump
[2025-09-16 21:31:57] pump OFF ttl=30000 reason=manual
[2025-09-16 21:31:57] ACK ACT-01 actuator:pump
[2025-09-16 21:31:57] pump ON ttl=30000 reason=manual
[2025-09-16 21:31:57] ACK ACT-01 actuator:pump
[2025-09-16 21:32:03] pump OFF ttl=30000 reason=manual
[2025-09-16 21:32:03] ACK ACT-01 actuator:pump
[2025-09-16 21:32:06] pump ON ttl=30000 reason=manual
[2025-09-16 21:32:06] ACK ACT-01 actuator:pump
[2025-09-16 21:32:12] pump OFF ttl=30000 reason=manual
[2025-09-16 21:32:12] ACK ACT-01 actuator:pump
[2025-09-16 21:32:18] pump ON ttl=30000 reason=manual
[2025-09-16 21:32:18] ACK ACT-01 actuator:pump
[2025-09-16 21:32:21] pump OFF ttl=30000 reason=manual
[2025-09-16 21:32:21] ACK ACT-01 actuator:pump
[2025-09-16 21:32:22] pump ON ttl=30000 reason=manual
[2025-09-16 21:32:22] ACK ACT-01 actuator:pump
[2025-09-16 21:32:22] pump OFF ttl=30000 reason=manual
[2025-09-16 21:32:22] ACK ACT-01 actuator:pump
[2025-09-16 21:32:25] duty set on=100 off=2724
[2025-09-16 21:32:25] ACK ACT-01 actuator:set
[2025-09-16 21:32:27] pump ON ttl=30000 reason=manual
[2025-09-16 21:32:27] ACK ACT-01 actuator:pump
[2025-09-16 21:32:31] duty set on=100 off=10
[2025-09-16 21:32:31] ACK ACT-01 actuator:set
[2025-09-16 21:32:33] duty set on=100 off=868
[2025-09-16 21:32:33] ACK ACT-01 actuator:set
[2025-09-16 21:32:39] pump OFF ttl=30000 reason=manual
[2025-09-16 21:32:40] ACK ACT-01 actuator:pump
[2025-09-16 21:32:41] pump ON ttl=30000 reason=manual
[2025-09-16 21:32:41] ACK ACT-01 actuator:pump
[2025-09-16 21:32:43] pump OFF ttl=30000 reason=manual
[2025-09-16 21:32:43] ACK ACT-01 actuator:pump
[2025-09-16 21:32:44] pump ON ttl=30000 reason=manual
[2025-09-16 21:32:44] ACK ACT-01 actuator:pump
[2025-09-16 21:32:45] pump OFF ttl=30000 reason=manual
[2025-09-16 21:32:45] ACK ACT-01 actuator:pump
[2025-09-16 21:32:46] pump ON ttl=30000 reason=manual
[2025-09-16 21:32:46] ACK ACT-01 actuator:pump
[2025-09-16 21:32:47] pump OFF ttl=30000 reason=manual
[2025-09-16 21:32:47] ACK ACT-01 actuator:pump
[2025-09-16 21:32:47] pump ON ttl=30000 reason=manual
[2025-09-16 21:32:47] ACK ACT-01 actuator:pump
[2025-09-16 21:32:48] pump OFF ttl=30000 reason=manual
[2025-09-16 21:32:48] ACK ACT-01 actuator:pump
[2025-09-16 21:32:49] pump ON ttl=30000 reason=manual
[2025-09-16 21:32:49] ACK ACT-01 actuator:pump
[2025-09-16 21:32:50] pump OFF ttl=30000 reason=manual
[2025-09-16 21:32:50] ACK ACT-01 actuator:pump
[2025-09-16 21:32:51] pump ON ttl=30000 reason=manual
[2025-09-16 21:32:51] ACK ACT-01 actuator:pump
[2025-09-16 21:32:51] pump OFF ttl=30000 reason=manual
[2025-09-16 21:32:51] ACK ACT-01 actuator:pump
[2025-09-16 21:32:53] mode set AUTO
[2025-09-16 21:32:56] mode set MANUAL_OFF
[2025-09-16 21:32:56] ACK ACT-01 actuator:pump
[2025-09-16 21:35:38] pump ON ttl=30000 reason=manual
[2025-09-16 21:35:38] ACK ACT-01 actuator:pump
[2025-09-16 21:35:41] duty set on=100 off=10
[2025-09-16 21:35:41] ACK ACT-01 actuator:set
[2025-09-16 21:35:44] duty set on=100 off=10
[2025-09-16 21:35:44] ACK ACT-01 actuator:set
[2025-09-16 21:35:48] duty set on=100 off=10
[2025-09-16 21:35:48] ACK ACT-01 actuator:set
[2025-09-16 21:35:49] duty set on=100 off=691
[2025-09-16 21:35:49] ACK ACT-01 actuator:set
[2025-09-16 21:35:55] duty set on=100 off=72
[2025-09-16 21:35:55] ACK ACT-01 actuator:set
[2025-09-16 21:36:02] duty set on=100 off=72
[2025-09-16 21:36:02] ACK ACT-01 actuator:set
[2025-09-16 21:36:06] duty set on=100 off=72
[2025-09-16 21:36:06] ACK ACT-01 actuator:set
[2025-09-16 21:36:07] duty set on=100 off=691
[2025-09-16 21:36:07] ACK ACT-01 actuator:set
[2025-09-16 21:36:09] TTL cutoff pump OFF
[2025-09-16 21:36:09] ACK ACT-01 actuator:pump
[2025-09-16 21:36:11] pump ON ttl=30000 reason=manual
[2025-09-16 21:36:11] ACK ACT-01 actuator:pump
[2025-09-16 21:36:15] duty set on=100 off=161
[2025-09-16 21:36:15] ACK ACT-01 actuator:set
[2025-09-16 21:36:43] TTL cutoff pump OFF
[2025-09-16 21:36:43] ACK ACT-01 actuator:pump
[2025-09-16 21:36:45] pump ON ttl=30000 reason=manual
[2025-09-16 21:36:45] ACK ACT-01 actuator:pump
[2025-09-16 21:37:17] TTL cutoff pump OFF
[2025-09-16 21:37:17] ACK ACT-01 actuator:pump
